<?xml version="1.0" encoding="UTF-8"?>
<testng-results ignored="0" total="1" passed="1" failed="0" skipped="0">
  <reporter-output>
  </reporter-output>
  <suite started-at="2022-05-28T12:46:01 IST" name="Default suite" finished-at="2022-05-28T12:46:02 IST" duration-ms="1407">
    <groups>
    </groups>
    <test started-at="2022-05-28T12:46:01 IST" name="Default test" finished-at="2022-05-28T12:46:02 IST" duration-ms="1407">
      <class name="Test01_GET">
        <test-method signature="test_01()[pri:0, instance:Test01_GET@4b5a5ed1]" started-at="2022-05-28T12:46:01 IST" name="test_01" finished-at="2022-05-28T12:46:02 IST" duration-ms="1375" status="PASS">
          <reporter-output>
          </reporter-output>
        </test-method> <!-- test_01 -->
      </class> <!-- Test01_GET -->
    </test> <!-- Default test -->
  </suite> <!-- Default suite -->
</testng-results>
